=/pretest.json
{
  _: [],
  f: [
    '/home/runner/work/exp-various-matrix-operations-iitd/exp-various-matrix-operations-iitd/experiment/pretest.json'
  ],
  files: [
    '/home/runner/work/exp-various-matrix-operations-iitd/exp-various-matrix-operations-iitd/experiment/pretest.json'
  ],
  c: 'assessment',
  contentTypes: 'assessment',
  'content-types': 'assessment',
  '$0': 'validate'
}
/questions/0/difficulty: Difficulty can only be: beginner, intermediate or advanced

/questions/1/difficulty: Difficulty can only be: beginner, intermediate or advanced

/questions/2/difficulty: Difficulty can only be: beginner, intermediate or advanced

/questions/5/difficulty: Difficulty can only be: beginner, intermediate or advanced

/questions/8/difficulty: Difficulty can only be: beginner, intermediate or advanced

/questions/10/difficulty: Difficulty can only be: beginner, intermediate or advanced

Json Error: must match "then" schema
Json Error: must match "then" schema
Failed while validating /home/runner/work/exp-various-matrix-operations-iitd/exp-various-matrix-operations-iitd/experiment/pretest.json
Error: Schema is Invalid
=/posttest.json
{
  _: [],
  f: [
    '/home/runner/work/exp-various-matrix-operations-iitd/exp-various-matrix-operations-iitd/experiment/posttest.json'
  ],
  files: [
    '/home/runner/work/exp-various-matrix-operations-iitd/exp-various-matrix-operations-iitd/experiment/posttest.json'
  ],
  c: 'assessment',
  contentTypes: 'assessment',
  'content-types': 'assessment',
  '$0': 'validate'
}
/questions/0/difficulty: Difficulty can only be: beginner, intermediate or advanced

/questions/1/difficulty: Difficulty can only be: beginner, intermediate or advanced

/questions/2/difficulty: Difficulty can only be: beginner, intermediate or advanced

/questions/3/difficulty: Difficulty can only be: beginner, intermediate or advanced

/questions/4/difficulty: Difficulty can only be: beginner, intermediate or advanced

/questions/5/difficulty: Difficulty can only be: beginner, intermediate or advanced

/questions/7/difficulty: Difficulty can only be: beginner, intermediate or advanced

/questions/8/difficulty: Difficulty can only be: beginner, intermediate or advanced

/questions/9/difficulty: Difficulty can only be: beginner, intermediate or advanced

/questions/10/difficulty: Difficulty can only be: beginner, intermediate or advanced

/questions/11/difficulty: Difficulty can only be: beginner, intermediate or advanced

/questions/12/difficulty: Difficulty can only be: beginner, intermediate or advanced

/questions/13/difficulty: Difficulty can only be: beginner, intermediate or advanced

/questions/14/difficulty: Difficulty can only be: beginner, intermediate or advanced

/questions/15/difficulty: Difficulty can only be: beginner, intermediate or advanced

/questions/16/difficulty: Difficulty can only be: beginner, intermediate or advanced

/questions/17/difficulty: Difficulty can only be: beginner, intermediate or advanced

/questions/18/difficulty: Difficulty can only be: beginner, intermediate or advanced

/questions/19/difficulty: Difficulty can only be: beginner, intermediate or advanced

/questions/20/difficulty: Difficulty can only be: beginner, intermediate or advanced

/questions/21/difficulty: Difficulty can only be: beginner, intermediate or advanced

/questions/22/difficulty: Difficulty can only be: beginner, intermediate or advanced

/questions/23/difficulty: Difficulty can only be: beginner, intermediate or advanced

/questions/24/difficulty: Difficulty can only be: beginner, intermediate or advanced

/questions/25/difficulty: Difficulty can only be: beginner, intermediate or advanced

/questions/26/difficulty: Difficulty can only be: beginner, intermediate or advanced

/questions/27/difficulty: Difficulty can only be: beginner, intermediate or advanced

Json Error: must match "then" schema
Json Error: must match "then" schema
Failed while validating /home/runner/work/exp-various-matrix-operations-iitd/exp-various-matrix-operations-iitd/experiment/posttest.json
Error: Schema is Invalid
