ev.html     http://outreach.vlabs.ac.in/
feedback.html     http://outreach.vlabs.ac.in/
index.html     http://outreach.vlabs.ac.in/
lu.html     http://outreach.vlabs.ac.in/
minor.html     http://outreach.vlabs.ac.in/
performance-report.html     http://vlab.co.in
posttest.html     http://outreach.vlabs.ac.in/
pretest.html     http://outreach.vlabs.ac.in/
procedure.html     http://outreach.vlabs.ac.in/
properties.html     http://outreach.vlabs.ac.in/
ref.html     http://outreach.vlabs.ac.in/
rank.html     http://outreach.vlabs.ac.in/
references.html     http://outreach.vlabs.ac.in/
system.html     http://outreach.vlabs.ac.in/
svd.html     http://outreach.vlabs.ac.in/
theory.html     http://outreach.vlabs.ac.in/
validator-report.html     http://vlab.co.in
theory/Determinant_using_Sarrus.html     http://outreach.vlabs.ac.in/
theory/Gauss_Jacobi.html     http://outreach.vlabs.ac.in/
theory/Gauss_Jordan_Elimination.html     http://outreach.vlabs.ac.in/
theory/Gauss_Seidel_Method.html     http://outreach.vlabs.ac.in/
theory/Gaussian_Back_Substitution.html     http://outreach.vlabs.ac.in/
theory/Jordan_Decomposition.html     http://outreach.vlabs.ac.in/
theory/LU_Decomposition.html     http://outreach.vlabs.ac.in/
theory/LU_Decomposition_Crout.html     http://outreach.vlabs.ac.in/
theory/LU_Decomposition_Doolittle.html     http://outreach.vlabs.ac.in/
theory/Properties_of_Matrix_Operations.html     http://outreach.vlabs.ac.in/
theory/Reduced_Row_Echelon_Form.html     http://outreach.vlabs.ac.in/
theory/Properties_of_Matrix_Operations1.html     http://outreach.vlabs.ac.in/
theory/Relaxation_Method.html     http://outreach.vlabs.ac.in/
theory/Row_Echelon_Form.html     http://outreach.vlabs.ac.in/
theory/cholesky_decomposition.html     http://outreach.vlabs.ac.in/
theory/successive_over_relaxation_method.html     http://outreach.vlabs.ac.in/
theory/power_method_dominant_eigenvalue.html     http://outreach.vlabs.ac.in/
